{"/Users/krzwier/Dropbox/GitHub/github-repo-gallery/js/main/script.js": {"path":"/Users/krzwier/Dropbox/GitHub/github-repo-gallery/js/main/script.js","statementMap":{"0":{"start":{"line":6,"column":15},"end":{"line":6,"column":50}},"1":{"start":{"line":8,"column":15},"end":{"line":8,"column":24}},"2":{"start":{"line":14,"column":21},"end":{"line":14,"column":72}},"3":{"start":{"line":15,"column":25},"end":{"line":15,"column":42}},"4":{"start":{"line":22,"column":16},"end":{"line":22,"column":29}}},"fnMap":{"0":{"name":"(anonymous_0)","decl":{"start":{"line":13,"column":4},"end":{"line":13,"column":5}},"loc":{"start":{"line":13,"column":25},"end":{"line":17,"column":5}},"line":13}},"branchMap":{},"s":{"0":2,"1":2,"2":1,"3":1,"4":1},"f":{"0":1},"b":{},"_coverageSchema":"1a1c01bbd47fc00a2c39e90264f33305004495a9","hash":"bbb1e9de9f5645b7119937060d4979ea0b8b10ab"}
}
