{"/Users/krzwier/Dropbox/GitHub/github-repo-gallery/js/main/script.js": {"path":"/Users/krzwier/Dropbox/GitHub/github-repo-gallery/js/main/script.js","statementMap":{"0":{"start":{"line":5,"column":15},"end":{"line":5,"column":24}},"1":{"start":{"line":8,"column":15},"end":{"line":8,"column":50}},"2":{"start":{"line":16,"column":8},"end":{"line":24,"column":9}},"3":{"start":{"line":17,"column":25},"end":{"line":17,"column":85}},"4":{"start":{"line":18,"column":30},"end":{"line":18,"column":42}},"5":{"start":{"line":19,"column":29},"end":{"line":19,"column":51}},"6":{"start":{"line":20,"column":12},"end":{"line":20,"column":42}},"7":{"start":{"line":21,"column":12},"end":{"line":21,"column":28}},"8":{"start":{"line":23,"column":13},"end":{"line":23,"column":80}},"9":{"start":{"line":28,"column":23},"end":{"line":28,"column":52}},"10":{"start":{"line":29,"column":8},"end":{"line":39,"column":10}},"11":{"start":{"line":40,"column":8},"end":{"line":40,"column":37}},"12":{"start":{"line":45,"column":16},"end":{"line":45,"column":29}},"13":{"start":{"line":47,"column":0},"end":{"line":47,"column":23}}},"fnMap":{"0":{"name":"(anonymous_0)","decl":{"start":{"line":15,"column":4},"end":{"line":15,"column":5}},"loc":{"start":{"line":15,"column":25},"end":{"line":25,"column":5}},"line":15},"1":{"name":"(anonymous_1)","decl":{"start":{"line":27,"column":4},"end":{"line":27,"column":5}},"loc":{"start":{"line":27,"column":29},"end":{"line":42,"column":5}},"line":27}},"branchMap":{},"s":{"0":3,"1":3,"2":3,"3":3,"4":2,"5":2,"6":1,"7":1,"8":2,"9":1,"10":1,"11":1,"12":1,"13":1},"f":{"0":3,"1":1},"b":{},"_coverageSchema":"1a1c01bbd47fc00a2c39e90264f33305004495a9","hash":"ba8c7767009239fe565254e55132a351d63872f1"}
}
